<?xml version="1.0" encoding="UTF-8"?>
<testsuite xmlns:xsi="http://www.w3.org/2001/XMLSchema-instance" xsi:noNamespaceSchemaLocation="https://maven.apache.org/surefire/maven-surefire-plugin/xsd/surefire-test-report.xsd" name="edu.berkeley.cs186.database.index.TestLeafNode" time="0.105" tests="15" errors="0" skipped="0" failures="0">
  <properties>
    <property name="awt.toolkit" value="sun.awt.X11.XToolkit"/>
    <property name="file.encoding.pkg" value="sun.io"/>
    <property name="java.specification.version" value="1.8"/>
    <property name="sun.cpu.isalist" value=""/>
    <property name="sun.jnu.encoding" value="UTF-8"/>
    <property name="java.class.path" value="/home/vagrant/course-projects/hw3/target/test-classes:/home/vagrant/course-projects/hw3/target/classes:/home/vagrant/.m2/repository/junit/junit/4.12/junit-4.12.jar:/home/vagrant/.m2/repository/org/hamcrest/hamcrest-core/1.3/hamcrest-core-1.3.jar:"/>
    <property name="java.vm.vendor" value="Oracle Corporation"/>
    <property name="sun.arch.data.model" value="64"/>
    <property name="java.vendor.url" value="http://java.oracle.com/"/>
    <property name="user.timezone" value=""/>
    <property name="java.vm.specification.version" value="1.8"/>
    <property name="os.name" value="Linux"/>
    <property name="user.country" value="US"/>
    <property name="sun.java.launcher" value="SUN_STANDARD"/>
    <property name="sun.boot.library.path" value="/home/vagrant/jdk1.8.0_131/jre/lib/amd64"/>
    <property name="sun.java.command" value="/home/vagrant/course-projects/hw3/target/surefire/surefirebooter8900459332092748561.jar /home/vagrant/course-projects/hw3/target/surefire 2017-11-04T16-39-49_323-jvmRun1 surefire238812364862755007tmp surefire_08264959419364116779tmp"/>
    <property name="surefire.test.class.path" value="/home/vagrant/course-projects/hw3/target/test-classes:/home/vagrant/course-projects/hw3/target/classes:/home/vagrant/.m2/repository/junit/junit/4.12/junit-4.12.jar:/home/vagrant/.m2/repository/org/hamcrest/hamcrest-core/1.3/hamcrest-core-1.3.jar:"/>
    <property name="sun.cpu.endian" value="little"/>
    <property name="user.home" value="/home/vagrant"/>
    <property name="user.language" value="en"/>
    <property name="java.specification.vendor" value="Oracle Corporation"/>
    <property name="java.home" value="/home/vagrant/jdk1.8.0_131/jre"/>
    <property name="basedir" value="/home/vagrant/course-projects/hw3"/>
    <property name="file.separator" value="/"/>
    <property name="line.separator" value="&#10;"/>
    <property name="java.vm.specification.vendor" value="Oracle Corporation"/>
    <property name="java.specification.name" value="Java Platform API Specification"/>
    <property name="java.awt.graphicsenv" value="sun.awt.X11GraphicsEnvironment"/>
    <property name="surefire.real.class.path" value="/home/vagrant/course-projects/hw3/target/surefire/surefirebooter8900459332092748561.jar"/>
    <property name="sun.boot.class.path" value="/home/vagrant/jdk1.8.0_131/jre/lib/resources.jar:/home/vagrant/jdk1.8.0_131/jre/lib/rt.jar:/home/vagrant/jdk1.8.0_131/jre/lib/sunrsasign.jar:/home/vagrant/jdk1.8.0_131/jre/lib/jsse.jar:/home/vagrant/jdk1.8.0_131/jre/lib/jce.jar:/home/vagrant/jdk1.8.0_131/jre/lib/charsets.jar:/home/vagrant/jdk1.8.0_131/jre/lib/jfr.jar:/home/vagrant/jdk1.8.0_131/jre/classes"/>
    <property name="sun.management.compiler" value="HotSpot 64-Bit Tiered Compilers"/>
    <property name="java.runtime.version" value="1.8.0_131-b11"/>
    <property name="user.name" value="vagrant"/>
    <property name="path.separator" value=":"/>
    <property name="os.version" value="3.13.0-125-generic"/>
    <property name="java.endorsed.dirs" value="/home/vagrant/jdk1.8.0_131/jre/lib/endorsed"/>
    <property name="java.runtime.name" value="Java(TM) SE Runtime Environment"/>
    <property name="file.encoding" value="UTF-8"/>
    <property name="java.vm.name" value="Java HotSpot(TM) 64-Bit Server VM"/>
    <property name="localRepository" value="/home/vagrant/.m2/repository"/>
    <property name="java.vendor.url.bug" value="http://bugreport.sun.com/bugreport/"/>
    <property name="java.io.tmpdir" value="/tmp"/>
    <property name="java.version" value="1.8.0_131"/>
    <property name="user.dir" value="/home/vagrant/course-projects/hw3"/>
    <property name="os.arch" value="amd64"/>
    <property name="java.vm.specification.name" value="Java Virtual Machine Specification"/>
    <property name="java.awt.printerjob" value="sun.print.PSPrinterJob"/>
    <property name="sun.os.patch.level" value="unknown"/>
    <property name="java.library.path" value="/usr/java/packages/lib/amd64:/usr/lib64:/lib64:/lib:/usr/lib"/>
    <property name="java.vm.info" value="mixed mode"/>
    <property name="java.vendor" value="Oracle Corporation"/>
    <property name="java.vm.version" value="25.131-b11"/>
    <property name="java.ext.dirs" value="/home/vagrant/jdk1.8.0_131/jre/lib/ext:/usr/java/packages/lib/ext"/>
    <property name="sun.io.unicode.encoding" value="UnicodeLittle"/>
    <property name="java.class.version" value="52.0"/>
  </properties>
  <testcase name="testScanGreaterEqual" classname="edu.berkeley.cs186.database.index.TestLeafNode" time="0"/>
  <testcase name="testGet" classname="edu.berkeley.cs186.database.index.TestLeafNode" time="0.003"/>
  <testcase name="testGetLeftmostLeaf" classname="edu.berkeley.cs186.database.index.TestLeafNode" time="0.005"/>
  <testcase name="testNoOverflowPuts" classname="edu.berkeley.cs186.database.index.TestLeafNode" time="0.005"/>
  <testcase name="testNoOverflowPutsFromDisk" classname="edu.berkeley.cs186.database.index.TestLeafNode" time="0.009"/>
  <testcase name="testOverflowPuts" classname="edu.berkeley.cs186.database.index.TestLeafNode" time="0.009"/>
  <testcase name="testSimpleRemoves" classname="edu.berkeley.cs186.database.index.TestLeafNode" time="0.009"/>
  <testcase name="testMaxOrder" classname="edu.berkeley.cs186.database.index.TestLeafNode" time="0.012"/>
  <testcase name="testToAndFromBytes" classname="edu.berkeley.cs186.database.index.TestLeafNode" time="0.009"/>
  <testcase name="testScanAll" classname="edu.berkeley.cs186.database.index.TestLeafNode" time="0.01"/>
  <testcase name="testToSexp" classname="edu.berkeley.cs186.database.index.TestLeafNode" time="0.005"/>
  <testcase name="testAbsentRemoves" classname="edu.berkeley.cs186.database.index.TestLeafNode" time="0.008"/>
  <testcase name="testDuplicatePut" classname="edu.berkeley.cs186.database.index.TestLeafNode" time="0.004"/>
  <testcase name="testNoOverflowOutOfOrderPuts" classname="edu.berkeley.cs186.database.index.TestLeafNode" time="0.005"/>
  <testcase name="testOutOfOrderRemoves" classname="edu.berkeley.cs186.database.index.TestLeafNode" time="0.005"/>
</testsuite>